2024-12-03T13:33:25.489Z - GET - /todos
2024-12-03T13:35:43.660Z - GET - /todo-list
2024-12-03T13:35:43.730Z - GET - /todo-list
2024-12-03T13:35:43.816Z - GET - /favicon.ico
2024-12-03T13:35:47.584Z - GET - /
2024-12-03T13:35:47.630Z - GET - /
2024-12-03T13:36:16.342Z - OPTIONS - /todos
2024-12-03T13:36:19.175Z - GET - /todos
2024-12-03T13:36:26.814Z - OPTIONS - /todos
2024-12-03T13:36:36.646Z - OPTIONS - /todos
2024-12-03T13:36:41.463Z - GET - /todos
2024-12-03T13:37:44.894Z - OPTIONS - /todos
2024-12-03T13:37:50.838Z - OPTIONS - /todos
2024-12-03T13:37:52.814Z - GET - /todos
2024-12-03T13:38:16.399Z - OPTIONS - /todos
2024-12-03T13:40:00.004Z - GET - /todos
2024-12-03T14:06:12.162Z - GET - /todos
2024-12-03T14:06:12.386Z - GET - /todos
2024-12-03T14:06:13.057Z - GET - /todos
2024-12-03T14:06:13.177Z - GET - /todos
2024-12-03T14:06:15.318Z - OPTIONS - /todos
2024-12-03T14:06:33.562Z - OPTIONS - /todos
2024-12-03T14:06:40.652Z - GET - /todos
2024-12-03T14:07:11.534Z - OPTIONS - /todos
2024-12-03T14:07:28.688Z - GET - /todos
2024-12-03T14:07:28.812Z - GET - /todos
2024-12-03T14:07:31.405Z - OPTIONS - /todos
2024-12-03T14:10:28.668Z - GET - /todos
2024-12-03T14:10:28.829Z - GET - /todos
2024-12-03T14:10:31.262Z - POST - /todos
2024-12-03T14:10:35.314Z - GET - /todos
2024-12-03T14:10:45.022Z - POST - /todos
2024-12-03T14:10:47.604Z - POST - /todos
2024-12-03T14:11:16.938Z - GET - /todos
2024-12-03T14:11:17.101Z - GET - /todos
2024-12-03T14:11:19.143Z - POST - /todos
2024-12-03T14:11:47.004Z - GET - /todos
2024-12-03T14:11:47.144Z - GET - /todos
2024-12-03T14:11:49.887Z - POST - /todos
2024-12-03T14:11:54.334Z - POST - /todos
2024-12-03T14:13:20.687Z - GET - /todos
2024-12-03T14:13:20.842Z - GET - /todos
2024-12-03T14:13:32.665Z - GET - /todos
2024-12-03T14:13:32.789Z - GET - /todos
2024-12-03T14:13:36.687Z - POST - /todos
2024-12-03T14:13:39.220Z - GET - /todos
2024-12-03T14:13:39.333Z - GET - /todos
2024-12-03T14:13:41.815Z - POST - /todos
2024-12-03T14:14:38.701Z - GET - /todos
2024-12-03T14:14:38.894Z - GET - /todos
2024-12-03T14:14:50.675Z - GET - /todos
2024-12-03T14:14:50.850Z - GET - /todos
2024-12-03T14:14:52.664Z - GET - /todos
2024-12-03T14:14:52.821Z - GET - /todos
2024-12-03T14:14:57.678Z - GET - /todos
2024-12-03T14:14:57.829Z - GET - /todos
2024-12-03T14:15:03.679Z - GET - /todos
2024-12-03T14:15:03.796Z - GET - /todos
2024-12-03T14:15:11.667Z - GET - /todos
2024-12-03T14:15:11.825Z - GET - /todos
2024-12-03T14:16:14.665Z - GET - /todos
2024-12-03T14:16:14.830Z - GET - /todos
2024-12-03T14:16:26.677Z - GET - /todos
2024-12-03T14:16:26.872Z - GET - /todos
2024-12-03T14:16:33.673Z - GET - /todos
2024-12-03T14:16:33.817Z - GET - /todos
2024-12-03T14:16:50.687Z - GET - /todos
2024-12-03T14:16:50.822Z - GET - /todos
2024-12-03T14:16:55.670Z - GET - /todos
2024-12-03T14:16:55.796Z - GET - /todos
2024-12-03T14:18:17.687Z - GET - /todos
2024-12-03T14:18:17.886Z - GET - /todos
2024-12-03T14:18:18.628Z - GET - /todos
2024-12-03T14:18:18.756Z - GET - /todos
2024-12-03T14:18:19.634Z - GET - /todos
2024-12-03T14:18:19.746Z - GET - /todos
2024-12-03T14:18:20.635Z - GET - /todos
2024-12-03T14:18:20.761Z - GET - /todos
2024-12-03T14:18:21.635Z - GET - /todos
2024-12-03T14:18:21.751Z - GET - /todos
2024-12-03T14:18:22.666Z - GET - /todos
2024-12-03T14:18:22.827Z - GET - /todos
2024-12-03T14:18:34.038Z - GET - /todos
2024-12-03T14:22:36.673Z - GET - /todos
2024-12-03T14:22:36.839Z - GET - /todos
2024-12-03T14:23:00.556Z - GET - /todos
2024-12-03T14:23:00.693Z - GET - /todos
2024-12-03T14:23:03.165Z - POST - /todos
2024-12-03T14:23:05.644Z - POST - /todos
2024-12-03T14:23:13.476Z - GET - /todos
2024-12-03T14:24:05.723Z - GET - /todos
2024-12-03T14:24:55.706Z - GET - /todos
2024-12-03T14:24:55.867Z - GET - /todos
2024-12-03T14:24:56.640Z - GET - /todos
2024-12-03T14:24:56.755Z - GET - /todos
2024-12-03T14:24:57.631Z - GET - /todos
2024-12-03T14:24:57.739Z - GET - /todos
2024-12-03T14:24:58.633Z - GET - /todos
2024-12-03T14:24:58.743Z - GET - /todos
2024-12-03T14:24:59.638Z - GET - /todos
2024-12-03T14:24:59.764Z - GET - /todos
2024-12-03T14:25:00.626Z - GET - /todos
2024-12-03T14:25:00.736Z - GET - /todos
2024-12-03T14:25:01.671Z - GET - /todos
2024-12-03T14:25:01.812Z - GET - /todos
2024-12-03T14:25:02.634Z - GET - /todos
2024-12-03T14:25:02.751Z - GET - /todos
2024-12-03T14:25:03.640Z - GET - /todos
2024-12-03T14:25:03.747Z - GET - /todos
2024-12-03T14:25:04.629Z - GET - /todos
2024-12-03T14:25:04.738Z - GET - /todos
2024-12-03T14:25:05.664Z - GET - /todos
2024-12-03T14:25:05.789Z - GET - /todos
2024-12-03T14:25:06.636Z - GET - /todos
2024-12-03T14:25:06.750Z - GET - /todos
2024-12-03T14:25:07.624Z - GET - /todos
2024-12-03T14:25:07.733Z - GET - /todos
2024-12-03T14:25:08.632Z - GET - /todos
2024-12-03T14:25:08.768Z - GET - /todos
2024-12-03T14:25:09.636Z - GET - /todos
2024-12-03T14:25:09.746Z - GET - /todos
2024-12-03T14:25:10.628Z - GET - /todos
2024-12-03T14:25:10.745Z - GET - /todos
2024-12-03T14:25:11.631Z - GET - /todos
2024-12-03T14:25:11.737Z - GET - /todos
2024-12-03T14:25:12.640Z - GET - /todos
2024-12-03T14:25:12.759Z - GET - /todos
2024-12-03T14:25:13.631Z - GET - /todos
2024-12-03T14:25:13.739Z - GET - /todos
2024-12-03T14:25:14.625Z - GET - /todos
2024-12-03T14:25:14.734Z - GET - /todos
2024-12-03T14:25:15.633Z - GET - /todos
2024-12-03T14:25:15.747Z - GET - /todos
2024-12-03T14:25:16.635Z - GET - /todos
2024-12-03T14:25:16.754Z - GET - /todos
2024-12-03T14:25:17.640Z - GET - /todos
2024-12-03T14:25:17.746Z - GET - /todos
2024-12-03T14:25:18.635Z - GET - /todos
2024-12-03T14:25:18.739Z - GET - /todos
2024-12-03T14:25:19.626Z - GET - /todos
2024-12-03T14:25:19.734Z - GET - /todos
2024-12-03T14:25:20.628Z - GET - /todos
2024-12-03T14:25:20.734Z - GET - /todos
2024-12-03T14:25:21.638Z - GET - /todos
2024-12-03T14:25:21.743Z - GET - /todos
2024-12-03T14:25:22.630Z - GET - /todos
2024-12-03T14:25:22.737Z - GET - /todos
2024-12-03T14:25:23.634Z - GET - /todos
2024-12-03T14:25:23.744Z - GET - /todos
2024-12-03T14:25:24.681Z - GET - /todos
2024-12-03T14:25:24.816Z - GET - /todos
2024-12-03T14:25:25.639Z - GET - /todos
2024-12-03T14:25:25.747Z - GET - /todos
2024-12-03T14:25:26.631Z - GET - /todos
2024-12-03T14:25:26.744Z - GET - /todos
2024-12-03T14:25:27.638Z - GET - /todos
2024-12-03T14:25:27.750Z - GET - /todos
2024-12-03T14:25:28.623Z - GET - /todos
2024-12-03T14:25:28.738Z - GET - /todos
2024-12-03T14:25:29.677Z - GET - /todos
2024-12-03T14:25:29.802Z - GET - /todos
2024-12-03T14:25:30.637Z - GET - /todos
2024-12-03T14:25:30.766Z - GET - /todos
2024-12-03T14:25:31.626Z - GET - /todos
2024-12-03T14:25:31.743Z - GET - /todos
2024-12-03T14:25:32.636Z - GET - /todos
2024-12-03T14:25:32.751Z - GET - /todos
2024-12-03T14:25:33.626Z - GET - /todos
2024-12-03T14:25:33.745Z - GET - /todos
2024-12-03T14:25:34.632Z - GET - /todos
2024-12-03T14:25:34.751Z - GET - /todos
2024-12-03T14:25:35.632Z - GET - /todos
2024-12-03T14:25:35.740Z - GET - /todos
2024-12-03T14:25:36.626Z - GET - /todos
2024-12-03T14:25:36.734Z - GET - /todos
2024-12-03T14:25:37.667Z - GET - /todos
2024-12-03T14:25:37.792Z - GET - /todos
2024-12-03T14:25:38.634Z - GET - /todos
2024-12-03T14:25:38.740Z - GET - /todos
2024-12-03T14:25:39.626Z - GET - /todos
2024-12-03T14:25:39.732Z - GET - /todos
2024-12-03T14:25:40.628Z - GET - /todos
2024-12-03T14:25:40.734Z - GET - /todos
2024-12-03T14:25:41.633Z - GET - /todos
2024-12-03T14:25:41.734Z - GET - /todos
2024-12-03T14:25:42.640Z - GET - /todos
2024-12-03T14:25:42.747Z - GET - /todos
2024-12-03T14:25:43.631Z - GET - /todos
2024-12-03T14:25:43.780Z - GET - /todos
2024-12-03T14:25:44.635Z - GET - /todos
2024-12-03T14:25:44.750Z - GET - /todos
2024-12-03T14:25:45.635Z - GET - /todos
2024-12-03T14:25:45.749Z - GET - /todos
2024-12-03T14:25:46.673Z - GET - /todos
2024-12-03T14:25:46.840Z - GET - /todos
2024-12-03T14:25:57.459Z - GET - /todos
2024-12-03T14:25:57.580Z - GET - /todos
2024-12-03T14:26:00.141Z - POST - /todos
2024-12-03T14:26:02.180Z - POST - /todos
2024-12-03T14:26:26.701Z - GET - /todos
2024-12-03T14:26:26.849Z - GET - /todos
2024-12-03T14:26:31.414Z - POST - /todos
2024-12-03T14:26:36.931Z - GET - /todos
2024-12-03T14:26:41.675Z - GET - /todos
2024-12-03T14:26:41.812Z - GET - /todos
2024-12-03T14:26:45.669Z - GET - /todos
2024-12-03T14:26:45.791Z - GET - /todos
2024-12-03T14:26:50.229Z - POST - /todos
2024-12-03T14:27:45.700Z - GET - /todos
2024-12-03T14:27:45.875Z - GET - /todos
2024-12-03T14:27:46.640Z - GET - /todos
2024-12-03T14:27:46.765Z - GET - /todos
2024-12-03T14:27:47.639Z - GET - /todos
2024-12-03T14:27:47.755Z - GET - /todos
2024-12-03T14:27:48.628Z - GET - /todos
2024-12-03T14:27:48.737Z - GET - /todos
2024-12-03T14:27:49.636Z - GET - /todos
2024-12-03T14:27:49.749Z - GET - /todos
2024-12-03T14:27:50.640Z - GET - /todos
2024-12-03T14:27:50.743Z - GET - /todos
2024-12-03T14:27:51.631Z - GET - /todos
2024-12-03T14:27:51.739Z - GET - /todos
2024-12-03T14:27:52.684Z - GET - /todos
2024-12-03T14:27:52.906Z - GET - /todos
2024-12-03T14:28:02.660Z - GET - /todos
2024-12-03T14:28:02.777Z - GET - /todos
2024-12-03T14:28:07.650Z - GET - /todos
2024-12-03T14:28:07.763Z - GET - /todos
2024-12-03T14:28:14.865Z - GET - /todos
2024-12-03T14:28:14.981Z - GET - /todos
2024-12-03T14:28:24.085Z - POST - /todos
2024-12-03T14:28:30.524Z - GET - /todos
2024-12-03T14:28:56.690Z - GET - /todos
2024-12-03T14:28:56.930Z - GET - /todos
2024-12-03T14:29:21.674Z - GET - /todos
2024-12-03T14:29:21.813Z - GET - /todos
2024-12-03T14:29:25.677Z - GET - /todos
2024-12-03T14:29:25.819Z - GET - /todos
2024-12-03T14:30:34.722Z - GET - /todos
2024-12-03T14:30:34.894Z - GET - /todos
2024-12-03T14:30:54.484Z - GET - /todos
2024-12-03T14:30:54.611Z - GET - /todos
2024-12-03T14:30:57.093Z - POST - /todos
2024-12-03T14:31:02.582Z - POST - /todos
2024-12-03T14:32:48.713Z - GET - /todos
2024-12-03T14:32:48.994Z - GET - /todos
2024-12-03T14:32:49.639Z - GET - /todos
2024-12-03T14:32:49.764Z - GET - /todos
2024-12-03T14:32:50.627Z - GET - /todos
2024-12-03T14:32:50.742Z - GET - /todos
2024-12-03T14:32:51.632Z - GET - /todos
2024-12-03T14:32:51.741Z - GET - /todos
2024-12-03T14:32:52.638Z - GET - /todos
2024-12-03T14:32:52.757Z - GET - /todos
2024-12-03T14:32:53.640Z - GET - /todos
2024-12-03T14:32:53.743Z - GET - /todos
2024-12-03T14:32:54.631Z - GET - /todos
2024-12-03T14:32:54.757Z - GET - /todos
2024-12-03T14:32:56.241Z - GET - /todos
2024-12-03T14:32:56.348Z - GET - /todos
2024-12-03T14:33:09.660Z - GET - /todos
2024-12-03T14:33:09.781Z - GET - /todos
2024-12-03T14:33:13.253Z - POST - /todos
2024-12-03T14:33:15.011Z - POST - /todos
2024-12-03T14:33:18.987Z - GET - /todos
2024-12-03T14:33:32.868Z - GET - /todos
2024-12-03T14:33:32.991Z - GET - /todos
2024-12-03T14:33:35.334Z - POST - /todos
2024-12-03T14:33:37.356Z - POST - /todos
2024-12-03T14:33:49.678Z - GET - /todos
2024-12-03T14:33:49.818Z - GET - /todos
2024-12-03T14:33:56.675Z - GET - /todos
2024-12-03T14:33:56.844Z - GET - /todos
2024-12-03T14:34:00.470Z - POST - /todos
2024-12-03T14:34:02.748Z - POST - /todos
2024-12-03T14:34:42.698Z - GET - /todos
2024-12-03T14:34:42.850Z - GET - /todos
2024-12-03T14:34:56.679Z - GET - /todos
2024-12-03T14:34:56.809Z - GET - /todos
2024-12-03T14:35:04.677Z - GET - /todos
2024-12-03T14:35:04.811Z - GET - /todos
2024-12-03T14:35:21.672Z - GET - /todos
2024-12-03T14:35:21.840Z - GET - /todos
2024-12-03T14:35:35.682Z - GET - /todos
2024-12-03T14:35:35.811Z - GET - /todos
2024-12-03T14:36:03.672Z - GET - /todos
2024-12-03T14:36:03.805Z - GET - /todos
2024-12-03T14:36:19.670Z - GET - /todos
2024-12-03T14:36:19.799Z - GET - /todos
2024-12-03T14:36:35.664Z - GET - /todos
2024-12-03T14:36:35.810Z - GET - /todos
2024-12-03T14:36:39.317Z - POST - /todos
2024-12-03T14:36:49.562Z - GET - /todos
2024-12-03T14:37:42.672Z - GET - /todos
2024-12-03T14:37:42.862Z - GET - /todos
2024-12-03T14:37:54.666Z - GET - /todos
2024-12-03T14:37:54.800Z - GET - /todos
2024-12-03T14:38:05.662Z - GET - /todos
2024-12-03T14:38:05.803Z - GET - /todos
2024-12-03T14:38:13.666Z - GET - /todos
2024-12-03T14:38:13.784Z - GET - /todos
2024-12-03T14:38:19.674Z - GET - /todos
2024-12-03T14:38:19.788Z - GET - /todos
2024-12-03T14:38:32.660Z - GET - /todos
2024-12-03T14:38:32.788Z - GET - /todos
2024-12-03T14:38:36.660Z - POST - /todos
2024-12-03T14:38:40.019Z - POST - /todos
2024-12-03T14:39:01.354Z - GET - /todos
2024-12-03T14:39:01.540Z - GET - /todos
2024-12-03T14:39:02.392Z - GET - /todos
2024-12-03T14:39:02.503Z - GET - /todos
2024-12-03T14:39:04.141Z - POST - /todos
2024-12-03T14:39:22.443Z - GET - /todos
2024-12-03T14:39:22.585Z - GET - /todos
2024-12-03T14:39:24.941Z - POST - /todos
2024-12-03T14:40:34.725Z - GET - /todos
2024-12-03T14:40:34.909Z - GET - /todos
2024-12-03T14:40:35.641Z - GET - /todos
2024-12-03T14:40:35.766Z - GET - /todos
2024-12-03T14:40:36.627Z - GET - /todos
2024-12-03T14:40:36.739Z - GET - /todos
2024-12-03T14:40:37.636Z - GET - /todos
2024-12-03T14:40:37.809Z - GET - /todos
2024-12-03T14:40:38.637Z - GET - /todos
2024-12-03T14:40:38.746Z - GET - /todos
2024-12-03T14:40:39.620Z - GET - /todos
2024-12-03T14:40:39.719Z - GET - /todos
2024-12-03T14:40:40.632Z - GET - /todos
2024-12-03T14:40:40.825Z - GET - /todos
2024-12-03T14:40:41.673Z - GET - /todos
2024-12-03T14:40:41.857Z - GET - /todos
2024-12-03T14:40:44.604Z - POST - /todos
2024-12-03T14:41:13.700Z - GET - /todos
2024-12-03T14:41:13.851Z - GET - /todos
2024-12-03T14:41:16.671Z - GET - /todos
2024-12-03T14:41:16.803Z - GET - /todos
2024-12-03T14:41:19.268Z - POST - /todos
2024-12-03T14:41:24.677Z - GET - /todos
2024-12-03T14:41:24.809Z - GET - /todos
2024-12-03T14:41:29.676Z - GET - /todos
2024-12-03T14:41:29.853Z - GET - /todos
2024-12-03T14:41:42.524Z - GET - /todos
2024-12-03T14:41:42.642Z - GET - /todos
2024-12-03T14:41:44.765Z - POST - /todos
2024-12-03T14:41:50.659Z - GET - /todos
2024-12-03T14:41:50.776Z - GET - /todos
2024-12-03T14:41:56.021Z - POST - /todos
2024-12-03T14:42:03.540Z - GET - /todos
2024-12-03T14:42:03.665Z - GET - /todos
2024-12-03T14:42:05.389Z - POST - /todos
2024-12-03T14:42:15.162Z - GET - /todos
2024-12-03T14:42:15.288Z - GET - /todos
2024-12-03T14:42:17.437Z - POST - /todos
2024-12-03T14:42:30.395Z - GET - /todos
2024-12-03T14:42:30.520Z - GET - /todos
2024-12-03T14:42:34.028Z - POST - /todos
2024-12-03T14:43:09.698Z - GET - /todos
2024-12-03T14:43:09.954Z - GET - /todos
2024-12-03T14:43:12.668Z - GET - /todos
2024-12-03T14:43:12.823Z - GET - /todos
2024-12-03T14:43:22.682Z - GET - /todos
2024-12-03T14:43:22.806Z - GET - /todos
2024-12-03T14:43:25.781Z - POST - /todos
2024-12-03T14:43:35.686Z - GET - /todos
2024-12-03T14:43:35.824Z - GET - /todos
2024-12-03T14:43:39.116Z - POST - /todos
2024-12-03T14:43:55.687Z - GET - /todos
2024-12-03T14:43:55.815Z - GET - /todos
2024-12-03T14:44:00.675Z - GET - /todos
2024-12-03T14:44:00.806Z - GET - /todos
2024-12-03T14:44:08.085Z - POST - /todos
2024-12-03T14:44:13.664Z - GET - /todos
2024-12-03T14:44:13.816Z - GET - /todos
2024-12-03T14:44:16.660Z - GET - /todos
2024-12-03T14:44:16.795Z - GET - /todos
2024-12-03T14:44:20.671Z - GET - /todos
2024-12-03T14:44:20.818Z - GET - /todos
2024-12-03T14:44:29.321Z - GET - /todos
2024-12-03T14:44:29.447Z - GET - /todos
2024-12-03T14:44:31.853Z - POST - /todos
2024-12-03T14:44:39.356Z - GET - /todos
2024-12-03T14:45:41.671Z - GET - /todos
2024-12-03T14:45:41.896Z - GET - /todos
2024-12-03T14:45:43.588Z - POST - /todos
2024-12-03T14:47:20.682Z - GET - /todos
2024-12-03T14:47:20.840Z - GET - /todos
2024-12-03T14:47:21.635Z - GET - /todos
2024-12-03T14:47:21.771Z - GET - /todos
2024-12-03T14:47:22.633Z - GET - /todos
2024-12-03T14:47:22.747Z - GET - /todos
2024-12-03T14:47:23.638Z - GET - /todos
2024-12-03T14:47:23.743Z - GET - /todos
2024-12-03T14:47:24.625Z - GET - /todos
2024-12-03T14:47:24.727Z - GET - /todos
2024-12-03T14:47:25.632Z - GET - /todos
2024-12-03T14:47:25.742Z - GET - /todos
2024-12-03T14:47:26.635Z - GET - /todos
2024-12-03T14:47:26.745Z - GET - /todos
2024-12-03T14:47:27.638Z - GET - /todos
2024-12-03T14:47:27.741Z - GET - /todos
2024-12-03T14:47:28.665Z - GET - /todos
2024-12-03T14:47:28.782Z - GET - /todos
2024-12-03T14:47:43.068Z - POST - /todos
2024-12-03T14:48:00.694Z - GET - /todos
2024-12-03T14:48:00.856Z - GET - /todos
2024-12-03T14:48:03.773Z - POST - /todos
2024-12-03T14:48:21.988Z - GET - /todos
2024-12-03T14:48:22.118Z - GET - /todos
2024-12-03T14:48:25.172Z - POST - /todos
2024-12-03T14:48:27.715Z - POST - /todos
2024-12-03T14:49:18.183Z - GET - /todos
2024-12-03T14:49:18.322Z - GET - /todos
2024-12-03T14:49:21.556Z - POST - /todos
2024-12-03T14:49:41.677Z - GET - /todos
2024-12-03T14:49:41.831Z - GET - /todos
2024-12-03T14:49:51.304Z - GET - /todos
2024-12-03T14:49:51.430Z - GET - /todos
2024-12-03T14:49:53.980Z - POST - /todos
2024-12-03T14:49:58.491Z - POST - /todos
2024-12-03T14:50:33.689Z - GET - /todos
2024-12-03T14:50:33.862Z - GET - /todos
2024-12-03T14:50:37.664Z - GET - /todos
2024-12-03T14:50:37.789Z - GET - /todos
2024-12-03T14:50:44.676Z - GET - /todos
2024-12-03T14:50:44.801Z - GET - /todos
2024-12-03T14:50:48.663Z - GET - /todos
2024-12-03T14:50:48.783Z - GET - /todos
2024-12-03T14:50:49.669Z - GET - /todos
2024-12-03T14:50:49.809Z - GET - /todos
2024-12-03T14:50:52.782Z - POST - /todos
2024-12-03T14:50:57.379Z - POST - /todos
2024-12-03T14:51:11.684Z - GET - /todos
2024-12-03T14:51:11.880Z - GET - /todos
2024-12-03T14:51:15.404Z - POST - /todos
2024-12-03T14:51:38.574Z - GET - /todos
2024-12-03T14:51:38.694Z - GET - /todos
2024-12-03T14:51:40.588Z - POST - /todos
2024-12-03T14:51:48.677Z - GET - /todos
2024-12-03T14:51:48.808Z - GET - /todos
2024-12-03T14:51:49.660Z - GET - /todos
2024-12-03T14:51:49.810Z - GET - /todos
2024-12-03T14:51:57.141Z - POST - /todos
2024-12-03T14:53:20.670Z - GET - /todos
2024-12-03T14:53:20.831Z - GET - /todos
2024-12-03T14:53:24.676Z - GET - /todos
2024-12-03T14:53:24.821Z - GET - /todos
2024-12-03T14:53:36.677Z - GET - /todos
2024-12-03T14:53:36.849Z - GET - /todos
2024-12-03T14:53:44.668Z - GET - /todos
2024-12-03T14:53:44.827Z - GET - /todos
2024-12-03T14:53:45.633Z - GET - /todos
2024-12-03T14:53:45.743Z - GET - /todos
2024-12-03T14:53:46.636Z - GET - /todos
2024-12-03T14:53:46.761Z - GET - /todos
2024-12-03T14:53:47.632Z - GET - /todos
2024-12-03T14:53:47.745Z - GET - /todos
2024-12-03T14:53:48.635Z - GET - /todos
2024-12-03T14:53:48.744Z - GET - /todos
2024-12-03T14:53:49.638Z - GET - /todos
2024-12-03T14:53:49.751Z - GET - /todos
2024-12-03T14:53:50.679Z - GET - /todos
2024-12-03T14:53:50.829Z - GET - /todos
2024-12-03T14:54:01.660Z - GET - /todos
2024-12-03T14:54:01.794Z - GET - /todos
2024-12-03T14:54:03.988Z - POST - /todos
2024-12-03T14:54:10.445Z - POST - /todos
2024-12-03T14:54:27.682Z - GET - /todos
2024-12-03T14:54:27.819Z - GET - /todos
2024-12-03T14:54:36.680Z - GET - /todos
2024-12-03T14:54:36.802Z - GET - /todos
2024-12-03T14:54:48.672Z - GET - /todos
2024-12-03T14:54:48.806Z - GET - /todos
2024-12-03T14:54:54.588Z - POST - /todos
2024-12-03T14:55:31.679Z - GET - /todos
2024-12-03T14:55:31.876Z - GET - /todos
2024-12-03T14:56:11.670Z - GET - /todos
2024-12-03T14:56:11.844Z - GET - /todos
2024-12-03T14:56:28.680Z - GET - /todos
2024-12-03T14:56:28.808Z - GET - /todos
2024-12-03T14:56:39.685Z - GET - /todos
2024-12-03T14:56:39.812Z - GET - /todos
2024-12-03T14:57:23.677Z - GET - /todos
2024-12-03T14:57:23.843Z - GET - /todos
2024-12-03T14:57:50.667Z - GET - /todos
2024-12-03T14:57:50.812Z - GET - /todos
2024-12-03T14:58:45.698Z - GET - /todos
2024-12-03T14:58:45.900Z - GET - /todos
2024-12-03T14:58:46.634Z - GET - /todos
2024-12-03T14:58:46.771Z - GET - /todos
2024-12-03T14:58:47.635Z - GET - /todos
2024-12-03T14:58:47.746Z - GET - /todos
2024-12-03T14:58:48.637Z - GET - /todos
2024-12-03T14:58:48.816Z - GET - /todos
2024-12-03T14:58:49.628Z - GET - /todos
2024-12-03T14:58:49.747Z - GET - /todos
2024-12-03T14:58:50.631Z - GET - /todos
2024-12-03T14:58:50.743Z - GET - /todos
2024-12-03T14:58:51.634Z - GET - /todos
2024-12-03T14:58:51.756Z - GET - /todos
2024-12-03T14:58:52.664Z - GET - /todos
2024-12-03T14:58:52.774Z - GET - /todos
2024-12-03T14:59:05.673Z - GET - /todos
2024-12-03T14:59:05.805Z - GET - /todos
2024-12-03T14:59:08.700Z - POST - /todos
2024-12-03T14:59:18.666Z - GET - /todos
2024-12-03T14:59:18.781Z - GET - /todos
2024-12-03T14:59:31.836Z - POST - /todos
2024-12-03T15:00:10.663Z - GET - /todos
2024-12-03T15:00:10.863Z - GET - /todos
2024-12-03T15:00:14.332Z - POST - /todos
2024-12-03T15:00:16.587Z - GET - /todos
2024-12-03T15:06:35.617Z - GET - /todos
2024-12-03T15:06:35.846Z - GET - /todos
2024-12-03T15:06:39.515Z - POST - /todos
2024-12-03T15:06:53.420Z - GET - /todos
2024-12-03T15:06:53.555Z - GET - /todos
2024-12-03T15:06:56.283Z - POST - /todos
2024-12-03T15:07:12.976Z - GET - /todos
2024-12-03T15:07:13.123Z - GET - /todos
2024-12-03T15:07:15.450Z - OPTIONS - /todos
2024-12-03T15:07:23.922Z - OPTIONS - /todos
2024-12-03T15:07:28.633Z - OPTIONS - /todos
2024-12-03T15:07:34.569Z - OPTIONS - /todos
2024-12-03T15:07:38.953Z - GET - /todos
2024-12-03T15:07:39.070Z - GET - /todos
2024-12-03T15:07:41.922Z - OPTIONS - /todos
2024-12-03T15:07:47.490Z - OPTIONS - /todos
2024-12-03T15:07:54.642Z - OPTIONS - /todos
2024-12-03T15:08:07.505Z - OPTIONS - /todos
2024-12-03T15:08:17.321Z - GET - /todos
2024-12-03T15:08:17.488Z - GET - /todos
2024-12-03T15:08:19.012Z - POST - /todos
2024-12-03T15:08:32.707Z - GET - /todos
2024-12-03T15:08:34.028Z - GET - /todos
2024-12-03T15:08:36.923Z - POST - /todos
2024-12-03T15:09:21.691Z - GET - /todos
2024-12-03T15:09:21.863Z - GET - /todos
2024-12-03T15:09:24.663Z - GET - /todos
2024-12-03T15:09:24.812Z - GET - /todos
2024-12-03T15:09:44.779Z - GET - /todos
2024-12-03T15:09:44.918Z - GET - /todos
2024-12-03T15:09:46.851Z - POST - /todos
2024-12-03T15:09:54.424Z - GET - /todos
2024-12-03T15:09:54.565Z - GET - /todos
2024-12-03T15:09:56.475Z - POST - /todos
2024-12-03T15:10:18.681Z - GET - /todos
2024-12-03T15:10:18.845Z - GET - /todos
2024-12-03T15:10:44.678Z - GET - /todos
2024-12-03T15:10:44.797Z - GET - /todos
2024-12-03T15:10:46.658Z - GET - /todos
2024-12-03T15:10:46.799Z - GET - /todos
2024-12-03T15:10:51.427Z - POST - /todos
2024-12-03T15:13:02.670Z - GET - /todos
2024-12-03T15:13:02.819Z - GET - /todos
2024-12-03T15:13:07.662Z - GET - /todos
2024-12-03T15:13:07.803Z - GET - /todos
2024-12-03T15:13:15.083Z - POST - /todos
2024-12-03T15:14:41.668Z - GET - /todos
2024-12-03T15:14:41.916Z - GET - /todos
2024-12-03T15:15:22.016Z - GET - /todos
2024-12-03T15:15:22.207Z - GET - /todos
2024-12-03T15:15:23.987Z - POST - /todos
2024-12-03T15:15:24.771Z - DELETE - /todos/3
2024-12-03T15:15:51.725Z - GET - /todos
2024-12-03T15:15:51.864Z - GET - /todos
2024-12-03T15:15:57.387Z - POST - /todos
2024-12-03T15:15:58.370Z - DELETE - /todos/3
2024-12-03T15:16:08.259Z - GET - /todos
2024-12-03T15:16:35.766Z - GET - /todos
2024-12-03T15:16:46.180Z - GET - /todos
2024-12-03T15:18:58.638Z - GET - /todos
2024-12-03T15:18:58.800Z - GET - /todos
2024-12-03T15:19:00.797Z - POST - /todos
2024-12-03T15:19:01.970Z - DELETE - /todos/1
2024-12-03T15:19:08.347Z - POST - /todos
2024-12-03T15:19:10.418Z - DELETE - /todos/1
2024-12-03T15:19:19.690Z - GET - /todos
2024-12-03T15:19:19.842Z - GET - /todos
2024-12-03T15:20:03.674Z - GET - /todos
2024-12-03T15:20:03.847Z - GET - /todos
